<?xml version="1.0" encoding="UTF-8" ?>
<testsuite tests="1" failures="1" name="ZKP.BICTest" time="0.304" errors="0" skipped="0">
  <properties>
[...]
</properties>
  <testcase classname="ZKP.BICTest" name="testBIC1" time="0.304">
    <failure type="java.lang.AssertionError">java.lang.AssertionError
	at org.junit.Assert.fail(Assert.java:86)
	at org.junit.Assert.assertTrue(Assert.java:41)
	at org.junit.Assert.assertTrue(Assert.java:52)
	at ZKP.BICTest.testBIC1(BICTest.java:39)
	at java.base/jdk.internal.reflect.NativeMethodAccessorImpl.invoke0(Native Method)
	at java.base/jdk.internal.reflect.NativeMethodAccessorImpl.invoke(NativeMethodAccessorImpl.java:64)
	at java.base/jdk.internal.reflect.DelegatingMethodAccessorImpl.invoke(DelegatingMethodAccessorImpl.java:43)
	at java.base/java.lang.reflect.Method.invoke(Method.java:564)
	at org.junit.runners.model.FrameworkMethod$1.runReflectiveCall(FrameworkMethod.java:50)
	at org.junit.internal.runners.model.ReflectiveCallable.run(ReflectiveCallable.java:12)
	at org.junit.runners.model.FrameworkMethod.invokeExplosively(FrameworkMethod.java:47)
	at org.junit.internal.runners.statements.InvokeMethod.evaluate(InvokeMethod.java:17)
	at org.junit.internal.runners.statements.RunBefores.evaluate(RunBefores.java:26)
	at org.junit.runners.ParentRunner.runLeaf(ParentRunner.java:325)
	at org.junit.runners.BlockJUnit4ClassRunner.runChild(BlockJUnit4ClassRunner.java:78)
	at org.junit.runners.BlockJUnit4ClassRunner.runChild(BlockJUnit4ClassRunner.java:57)
	at org.junit.runners.ParentRunner$3.run(ParentRunner.java:290)
	at org.junit.runners.ParentRunner$1.schedule(ParentRunner.java:71)
	at org.junit.runners.ParentRunner.runChildren(ParentRunner.java:288)
	at org.junit.runners.ParentRunner.access$000(ParentRunner.java:58)
	at org.junit.runners.ParentRunner$2.evaluate(ParentRunner.java:268)
	at org.junit.runners.ParentRunner.run(ParentRunner.java:363)
	at org.apache.maven.surefire.junit4.JUnit4Provider.execute(JUnit4Provider.java:252)
	at org.apache.maven.surefire.junit4.JUnit4Provider.executeTestSet(JUnit4Provider.java:141)
	at org.apache.maven.surefire.junit4.JUnit4Provider.invoke(JUnit4Provider.java:112)
	at java.base/jdk.internal.reflect.NativeMethodAccessorImpl.invoke0(Native Method)
	at java.base/jdk.internal.reflect.NativeMethodAccessorImpl.invoke(NativeMethodAccessorImpl.java:64)
	at java.base/jdk.internal.reflect.DelegatingMethodAccessorImpl.invoke(DelegatingMethodAccessorImpl.java:43)
	at java.base/java.lang.reflect.Method.invoke(Method.java:564)
	at org.apache.maven.surefire.util.ReflectionUtils.invokeMethodWithArray(ReflectionUtils.java:189)
	at org.apache.maven.surefire.booter.ProviderFactory$ProviderProxy.invoke(ProviderFactory.java:165)
	at org.apache.maven.surefire.booter.ProviderFactory.invokeProvider(ProviderFactory.java:85)
	at org.apache.maven.surefire.booter.ForkedBooter.runSuitesInProcess(ForkedBooter.java:115)
	at org.apache.maven.surefire.booter.ForkedBooter.main(ForkedBooter.java:75)
</failure>
    <system-out>[2323523503403277322685149925197218531516204517105923741561210597425006943570, 11664424993635275381281229932180822805989167106807781666209691584016315871658, 2958878081830441752405188902026892436080980668062921421629968866249713338901, 5406481068574326893955907993135479283723670426179897990042314256223333468963]
[16410228014708274483034918820566342618115225496139142136881911122877031604587, 2880969668591639175298136004063113043622359968831181481486392192058103353314, 13474074257580531128887621963033722699036205338253085196210762276158144306286, 7986185503236120984824680721644334625236010418165315651977228207136943297430]
3460781382657436820881049938595463871204079384280312331012054681082220875350
-----------------------------------
[13787342921463309040918505054832401149353931598192200385374734363490317371318, 8637757827818343053337415227096802758745093425876290688728301846988523836056]
[7742077866903613828772677195266653769713044994835124934388435787336146583015, 18417721614072909889455862788570952701091036024748153443932651893155812392288]
[2372305607175595437748671974727062579301428040043668085567066117126196387336, 9533692130660148467692948460340355916175097369341647391340128242223415363241]
[3584109356453884605736006109908396461485105541036043064466712695173764185031, 8121901331515808149696462310832919378521060120776205031076317763410265941241]
28510510425951794343175908413960266556706640402073687243573370407385356922534
[16321427833914792969786283381338924361785837995206704311363975618860945093047, 11715953912673567886960520683527466460023920438658742179350876398734040674349]
704348506002207954361631
</system-out>
  </testcase>
</testsuite>